py : Creating test database for alias 
'default'...
Au caractère Ligne:1 : 1
+ py manage.py test 
--settings=PGStock.test_settings 
--noinput > test_r ...
+ ~~~~~~~~~~~~~~~~~~~~~~~~~~~~~~~~~~~~~~
~~~~~~~~~~~~~~~~~~~~~~~~~~~~~~~
    + CategoryInfo          : NotSpecif 
   ied: (Creating test d...as 'default  
  '...:String) [], RemoteException
    + FullyQualifiedErrorId : NativeCom 
   mandError
 

Found 151 test(s).
System check identified no issues (0 silenced).
........................................
................C:\Users\codeshester0011
\AppData\Local\Programs\Python\Python312
\Lib\site-packages\django\db\models\fiel
ds\__init__.py:1665: RuntimeWarning: 
DateTimeField Notification.created_at 
received a naive datetime (2025-10-17 
06:44:02.906637) while time zone 
support is active.
  warnings.warn(
C:\Users\codeshester0011\AppData\Local\P
rograms\Python\Python312\Lib\site-packag
es\django\db\models\fields\__init__.py:1
665: RuntimeWarning: DateTimeField 
Notification.created_at received a 
naive datetime (2025-10-27 
06:44:02.909283) while time zone 
support is active.
  warnings.warn(
DEBUG: Catching exception in handler: ValidationError
DEBUG: Entering deduct_stock for Order CMD-2026-000001
DEBUG: Entering deduct_stock for Order CMD-2026-000001
DEBUG: Entering deduct_stock for Order CMD-2026-000001
DEBUG: Entering deduct_stock for Order CMD-2026-000001
DEBUG: Stock already deducted for Order CMD-2026-000001
DEBUG: Entering deduct_stock for Order GROS-2026-000001
........................................
........................F..EEEEEE.E.....
...............
========================================
==============================
ERROR: test_get_payment_summary (invento
ry.tests_services.PaymentServiceTest.tes
t_get_payment_summary)
Test getting payment summary
----------------------------------------
------------------------------
Traceback (most recent call last):
  File "C:\Users\codeshester0011\AppData
\Local\Programs\Python\Python312\Lib\sit
e-packages\django\db\backends\utils.py",
 line 105, in _execute
    return self.cursor.execute(sql, 
params)
           
^^^^^^^^^^^^^^^^^^^^^^^^^^^^^^^^
  File "C:\Users\codeshester0011\AppData
\Local\Programs\Python\Python312\Lib\sit
e-packages\django\db\backends\sqlite3\ba
se.py", line 354, in execute
    return super().execute(query, 
params)
           
^^^^^^^^^^^^^^^^^^^^^^^^^^^^^^
sqlite3.IntegrityError: NOT NULL 
constraint failed: 
inventory_invoice.date_issued

The above exception was the direct 
cause of the following exception:

Traceback (most recent call last):
  File "C:\Users\codeshester0011\Desktop
\GestionSTOCK\PGStock\inventory\tests_se
rvices.py", line 271, in setUp
    self.invoice = 
Invoice.objects.create(
                   
^^^^^^^^^^^^^^^^^^^^^^^
  File "C:\Users\codeshester0011\AppData
\Local\Programs\Python\Python312\Lib\sit
e-packages\django\db\models\manager.py",
 line 87, in manager_method
    return getattr(self.get_queryset(), 
name)(*args, **kwargs)
           ^^^^^^^^^^^^^^^^^^^^^^^^^^^^^
^^^^^^^^^^^^^^^^^^^^^^
  File "C:\Users\codeshester0011\AppData
\Local\Programs\Python\Python312\Lib\sit
e-packages\django\db\models\query.py", 
line 679, in create
    obj.save(force_insert=True, 
using=self.db)
  File "C:\Users\codeshester0011\Desktop
\GestionSTOCK\PGStock\inventory\models.p
y", line 661, in save
    super().save(*args, **kwargs)
  File "C:\Users\codeshester0011\AppData
\Local\Programs\Python\Python312\Lib\sit
e-packages\django\db\models\base.py", 
line 892, in save
    self.save_base(
  File "C:\Users\codeshester0011\AppData
\Local\Programs\Python\Python312\Lib\sit
e-packages\django\db\models\base.py", 
line 998, in save_base
    updated = self._save_table(
              ^^^^^^^^^^^^^^^^^
  File "C:\Users\codeshester0011\AppData
\Local\Programs\Python\Python312\Lib\sit
e-packages\django\db\models\base.py", 
line 1161, in _save_table
    results = self._do_insert(
              ^^^^^^^^^^^^^^^^
  File "C:\Users\codeshester0011\AppData
\Local\Programs\Python\Python312\Lib\sit
e-packages\django\db\models\base.py", 
line 1202, in _do_insert
    return manager._insert(
           ^^^^^^^^^^^^^^^^
  File "C:\Users\codeshester0011\AppData
\Local\Programs\Python\Python312\Lib\sit
e-packages\django\db\models\manager.py",
 line 87, in manager_method
    return getattr(self.get_queryset(), 
name)(*args, **kwargs)
           ^^^^^^^^^^^^^^^^^^^^^^^^^^^^^
^^^^^^^^^^^^^^^^^^^^^^
  File "C:\Users\codeshester0011\AppData
\Local\Programs\Python\Python312\Lib\sit
e-packages\django\db\models\query.py", 
line 1847, in _insert
    return query.get_compiler(using=usin
g).execute_sql(returning_fields)
           ^^^^^^^^^^^^^^^^^^^^^^^^^^^^^
^^^^^^^^^^^^^^^^^^^^^^^^^^^^^^^^
  File "C:\Users\codeshester0011\AppData
\Local\Programs\Python\Python312\Lib\sit
e-packages\django\db\models\sql\compiler
.py", line 1836, in execute_sql
    cursor.execute(sql, params)
  File "C:\Users\codeshester0011\AppData
\Local\Programs\Python\Python312\Lib\sit
e-packages\django\db\backends\utils.py",
 line 79, in execute
    return self._execute_with_wrappers(
           ^^^^^^^^^^^^^^^^^^^^^^^^^^^^
  File "C:\Users\codeshester0011\AppData
\Local\Programs\Python\Python312\Lib\sit
e-packages\django\db\backends\utils.py",
 line 92, in _execute_with_wrappers
    return executor(sql, params, many, 
context)
           
^^^^^^^^^^^^^^^^^^^^^^^^^^^^^^^^^^^^
  File "C:\Users\codeshester0011\AppData
\Local\Programs\Python\Python312\Lib\sit
e-packages\django\db\backends\utils.py",
 line 100, in _execute
    with self.db.wrap_database_errors:
  File "C:\Users\codeshester0011\AppData
\Local\Programs\Python\Python312\Lib\sit
e-packages\django\db\utils.py", line 
91, in __exit__
    raise 
dj_exc_value.with_traceback(traceback) 
from exc_value
  File "C:\Users\codeshester0011\AppData
\Local\Programs\Python\Python312\Lib\sit
e-packages\django\db\backends\utils.py",
 line 105, in _execute
    return self.cursor.execute(sql, 
params)
           
^^^^^^^^^^^^^^^^^^^^^^^^^^^^^^^^
  File "C:\Users\codeshester0011\AppData
\Local\Programs\Python\Python312\Lib\sit
e-packages\django\db\backends\sqlite3\ba
se.py", line 354, in execute
    return super().execute(query, 
params)
           
^^^^^^^^^^^^^^^^^^^^^^^^^^^^^^
django.db.utils.IntegrityError: NOT 
NULL constraint failed: 
inventory_invoice.date_issued

========================================
==============================
ERROR: test_payment_exceeds_balance (inv
entory.tests_services.PaymentServiceTest
.test_payment_exceeds_balance)
Test that payment exceeding balance 
raises exception
----------------------------------------
------------------------------
Traceback (most recent call last):
  File "C:\Users\codeshester0011\AppData
\Local\Programs\Python\Python312\Lib\sit
e-packages\django\db\backends\utils.py",
 line 105, in _execute
    return self.cursor.execute(sql, 
params)
           
^^^^^^^^^^^^^^^^^^^^^^^^^^^^^^^^
  File "C:\Users\codeshester0011\AppData
\Local\Programs\Python\Python312\Lib\sit
e-packages\django\db\backends\sqlite3\ba
se.py", line 354, in execute
    return super().execute(query, 
params)
           
^^^^^^^^^^^^^^^^^^^^^^^^^^^^^^
sqlite3.IntegrityError: NOT NULL 
constraint failed: 
inventory_invoice.date_issued

The above exception was the direct 
cause of the following exception:

Traceback (most recent call last):
  File "C:\Users\codeshester0011\Desktop
\GestionSTOCK\PGStock\inventory\tests_se
rvices.py", line 271, in setUp
    self.invoice = 
Invoice.objects.create(
                   
^^^^^^^^^^^^^^^^^^^^^^^
  File "C:\Users\codeshester0011\AppData
\Local\Programs\Python\Python312\Lib\sit
e-packages\django\db\models\manager.py",
 line 87, in manager_method
    return getattr(self.get_queryset(), 
name)(*args, **kwargs)
           ^^^^^^^^^^^^^^^^^^^^^^^^^^^^^
^^^^^^^^^^^^^^^^^^^^^^
  File "C:\Users\codeshester0011\AppData
\Local\Programs\Python\Python312\Lib\sit
e-packages\django\db\models\query.py", 
line 679, in create
    obj.save(force_insert=True, 
using=self.db)
  File "C:\Users\codeshester0011\Desktop
\GestionSTOCK\PGStock\inventory\models.p
y", line 661, in save
    super().save(*args, **kwargs)
  File "C:\Users\codeshester0011\AppData
\Local\Programs\Python\Python312\Lib\sit
e-packages\django\db\models\base.py", 
line 892, in save
    self.save_base(
  File "C:\Users\codeshester0011\AppData
\Local\Programs\Python\Python312\Lib\sit
e-packages\django\db\models\base.py", 
line 998, in save_base
    updated = self._save_table(
              ^^^^^^^^^^^^^^^^^
  File "C:\Users\codeshester0011\AppData
\Local\Programs\Python\Python312\Lib\sit
e-packages\django\db\models\base.py", 
line 1161, in _save_table
    results = self._do_insert(
              ^^^^^^^^^^^^^^^^
  File "C:\Users\codeshester0011\AppData
\Local\Programs\Python\Python312\Lib\sit
e-packages\django\db\models\base.py", 
line 1202, in _do_insert
    return manager._insert(
           ^^^^^^^^^^^^^^^^
  File "C:\Users\codeshester0011\AppData
\Local\Programs\Python\Python312\Lib\sit
e-packages\django\db\models\manager.py",
 line 87, in manager_method
    return getattr(self.get_queryset(), 
name)(*args, **kwargs)
           ^^^^^^^^^^^^^^^^^^^^^^^^^^^^^
^^^^^^^^^^^^^^^^^^^^^^
  File "C:\Users\codeshester0011\AppData
\Local\Programs\Python\Python312\Lib\sit
e-packages\django\db\models\query.py", 
line 1847, in _insert
    return query.get_compiler(using=usin
g).execute_sql(returning_fields)
           ^^^^^^^^^^^^^^^^^^^^^^^^^^^^^
^^^^^^^^^^^^^^^^^^^^^^^^^^^^^^^^
  File "C:\Users\codeshester0011\AppData
\Local\Programs\Python\Python312\Lib\sit
e-packages\django\db\models\sql\compiler
.py", line 1836, in execute_sql
    cursor.execute(sql, params)
  File "C:\Users\codeshester0011\AppData
\Local\Programs\Python\Python312\Lib\sit
e-packages\django\db\backends\utils.py",
 line 79, in execute
    return self._execute_with_wrappers(
           ^^^^^^^^^^^^^^^^^^^^^^^^^^^^
  File "C:\Users\codeshester0011\AppData
\Local\Programs\Python\Python312\Lib\sit
e-packages\django\db\backends\utils.py",
 line 92, in _execute_with_wrappers
    return executor(sql, params, many, 
context)
           
^^^^^^^^^^^^^^^^^^^^^^^^^^^^^^^^^^^^
  File "C:\Users\codeshester0011\AppData
\Local\Programs\Python\Python312\Lib\sit
e-packages\django\db\backends\utils.py",
 line 100, in _execute
    with self.db.wrap_database_errors:
  File "C:\Users\codeshester0011\AppData
\Local\Programs\Python\Python312\Lib\sit
e-packages\django\db\utils.py", line 
91, in __exit__
    raise 
dj_exc_value.with_traceback(traceback) 
from exc_value
  File "C:\Users\codeshester0011\AppData
\Local\Programs\Python\Python312\Lib\sit
e-packages\django\db\backends\utils.py",
 line 105, in _execute
    return self.cursor.execute(sql, 
params)
           
^^^^^^^^^^^^^^^^^^^^^^^^^^^^^^^^
  File "C:\Users\codeshester0011\AppData
\Local\Programs\Python\Python312\Lib\sit
e-packages\django\db\backends\sqlite3\ba
se.py", line 354, in execute
    return super().execute(query, 
params)
           
^^^^^^^^^^^^^^^^^^^^^^^^^^^^^^
django.db.utils.IntegrityError: NOT 
NULL constraint failed: 
inventory_invoice.date_issued

========================================
==============================
ERROR: test_register_full_payment (inven
tory.tests_services.PaymentServiceTest.t
est_register_full_payment)
Test registering a full payment
----------------------------------------
------------------------------
Traceback (most recent call last):
  File "C:\Users\codeshester0011\AppData
\Local\Programs\Python\Python312\Lib\sit
e-packages\django\db\backends\utils.py",
 line 105, in _execute
    return self.cursor.execute(sql, 
params)
           
^^^^^^^^^^^^^^^^^^^^^^^^^^^^^^^^
  File "C:\Users\codeshester0011\AppData
\Local\Programs\Python\Python312\Lib\sit
e-packages\django\db\backends\sqlite3\ba
se.py", line 354, in execute
    return super().execute(query, 
params)
           
^^^^^^^^^^^^^^^^^^^^^^^^^^^^^^
sqlite3.IntegrityError: NOT NULL 
constraint failed: 
inventory_invoice.date_issued

The above exception was the direct 
cause of the following exception:

Traceback (most recent call last):
  File "C:\Users\codeshester0011\Desktop
\GestionSTOCK\PGStock\inventory\tests_se
rvices.py", line 271, in setUp
    self.invoice = 
Invoice.objects.create(
                   
^^^^^^^^^^^^^^^^^^^^^^^
  File "C:\Users\codeshester0011\AppData
\Local\Programs\Python\Python312\Lib\sit
e-packages\django\db\models\manager.py",
 line 87, in manager_method
    return getattr(self.get_queryset(), 
name)(*args, **kwargs)
           ^^^^^^^^^^^^^^^^^^^^^^^^^^^^^
^^^^^^^^^^^^^^^^^^^^^^
  File "C:\Users\codeshester0011\AppData
\Local\Programs\Python\Python312\Lib\sit
e-packages\django\db\models\query.py", 
line 679, in create
    obj.save(force_insert=True, 
using=self.db)
  File "C:\Users\codeshester0011\Desktop
\GestionSTOCK\PGStock\inventory\models.p
y", line 661, in save
    super().save(*args, **kwargs)
  File "C:\Users\codeshester0011\AppData
\Local\Programs\Python\Python312\Lib\sit
e-packages\django\db\models\base.py", 
line 892, in save
    self.save_base(
  File "C:\Users\codeshester0011\AppData
\Local\Programs\Python\Python312\Lib\sit
e-packages\django\db\models\base.py", 
line 998, in save_base
    updated = self._save_table(
              ^^^^^^^^^^^^^^^^^
  File "C:\Users\codeshester0011\AppData
\Local\Programs\Python\Python312\Lib\sit
e-packages\django\db\models\base.py", 
line 1161, in _save_table
    results = self._do_insert(
              ^^^^^^^^^^^^^^^^
  File "C:\Users\codeshester0011\AppData
\Local\Programs\Python\Python312\Lib\sit
e-packages\django\db\models\base.py", 
line 1202, in _do_insert
    return manager._insert(
           ^^^^^^^^^^^^^^^^
  File "C:\Users\codeshester0011\AppData
\Local\Programs\Python\Python312\Lib\sit
e-packages\django\db\models\manager.py",
 line 87, in manager_method
    return getattr(self.get_queryset(), 
name)(*args, **kwargs)
           ^^^^^^^^^^^^^^^^^^^^^^^^^^^^^
^^^^^^^^^^^^^^^^^^^^^^
  File "C:\Users\codeshester0011\AppData
\Local\Programs\Python\Python312\Lib\sit
e-packages\django\db\models\query.py", 
line 1847, in _insert
    return query.get_compiler(using=usin
g).execute_sql(returning_fields)
           ^^^^^^^^^^^^^^^^^^^^^^^^^^^^^
^^^^^^^^^^^^^^^^^^^^^^^^^^^^^^^^
  File "C:\Users\codeshester0011\AppData
\Local\Programs\Python\Python312\Lib\sit
e-packages\django\db\models\sql\compiler
.py", line 1836, in execute_sql
    cursor.execute(sql, params)
  File "C:\Users\codeshester0011\AppData
\Local\Programs\Python\Python312\Lib\sit
e-packages\django\db\backends\utils.py",
 line 79, in execute
    return self._execute_with_wrappers(
           ^^^^^^^^^^^^^^^^^^^^^^^^^^^^
  File "C:\Users\codeshester0011\AppData
\Local\Programs\Python\Python312\Lib\sit
e-packages\django\db\backends\utils.py",
 line 92, in _execute_with_wrappers
    return executor(sql, params, many, 
context)
           
^^^^^^^^^^^^^^^^^^^^^^^^^^^^^^^^^^^^
  File "C:\Users\codeshester0011\AppData
\Local\Programs\Python\Python312\Lib\sit
e-packages\django\db\backends\utils.py",
 line 100, in _execute
    with self.db.wrap_database_errors:
  File "C:\Users\codeshester0011\AppData
\Local\Programs\Python\Python312\Lib\sit
e-packages\django\db\utils.py", line 
91, in __exit__
    raise 
dj_exc_value.with_traceback(traceback) 
from exc_value
  File "C:\Users\codeshester0011\AppData
\Local\Programs\Python\Python312\Lib\sit
e-packages\django\db\backends\utils.py",
 line 105, in _execute
    return self.cursor.execute(sql, 
params)
           
^^^^^^^^^^^^^^^^^^^^^^^^^^^^^^^^
  File "C:\Users\codeshester0011\AppData
\Local\Programs\Python\Python312\Lib\sit
e-packages\django\db\backends\sqlite3\ba
se.py", line 354, in execute
    return super().execute(query, 
params)
           
^^^^^^^^^^^^^^^^^^^^^^^^^^^^^^
django.db.utils.IntegrityError: NOT 
NULL constraint failed: 
inventory_invoice.date_issued

========================================
==============================
ERROR: test_register_partial_payment (in
ventory.tests_services.PaymentServiceTes
t.test_register_partial_payment)
Test registering a partial payment
----------------------------------------
------------------------------
Traceback (most recent call last):
  File "C:\Users\codeshester0011\AppData
\Local\Programs\Python\Python312\Lib\sit
e-packages\django\db\backends\utils.py",
 line 105, in _execute
    return self.cursor.execute(sql, 
params)
           
^^^^^^^^^^^^^^^^^^^^^^^^^^^^^^^^
  File "C:\Users\codeshester0011\AppData
\Local\Programs\Python\Python312\Lib\sit
e-packages\django\db\backends\sqlite3\ba
se.py", line 354, in execute
    return super().execute(query, 
params)
           
^^^^^^^^^^^^^^^^^^^^^^^^^^^^^^
sqlite3.IntegrityError: NOT NULL 
constraint failed: 
inventory_invoice.date_issued

The above exception was the direct 
cause of the following exception:

Traceback (most recent call last):
  File "C:\Users\codeshester0011\Desktop
\GestionSTOCK\PGStock\inventory\tests_se
rvices.py", line 271, in setUp
    self.invoice = 
Invoice.objects.create(
                   
^^^^^^^^^^^^^^^^^^^^^^^
  File "C:\Users\codeshester0011\AppData
\Local\Programs\Python\Python312\Lib\sit
e-packages\django\db\models\manager.py",
 line 87, in manager_method
    return getattr(self.get_queryset(), 
name)(*args, **kwargs)
           ^^^^^^^^^^^^^^^^^^^^^^^^^^^^^
^^^^^^^^^^^^^^^^^^^^^^
  File "C:\Users\codeshester0011\AppData
\Local\Programs\Python\Python312\Lib\sit
e-packages\django\db\models\query.py", 
line 679, in create
    obj.save(force_insert=True, 
using=self.db)
  File "C:\Users\codeshester0011\Desktop
\GestionSTOCK\PGStock\inventory\models.p
y", line 661, in save
    super().save(*args, **kwargs)
  File "C:\Users\codeshester0011\AppData
\Local\Programs\Python\Python312\Lib\sit
e-packages\django\db\models\base.py", 
line 892, in save
    self.save_base(
  File "C:\Users\codeshester0011\AppData
\Local\Programs\Python\Python312\Lib\sit
e-packages\django\db\models\base.py", 
line 998, in save_base
    updated = self._save_table(
              ^^^^^^^^^^^^^^^^^
  File "C:\Users\codeshester0011\AppData
\Local\Programs\Python\Python312\Lib\sit
e-packages\django\db\models\base.py", 
line 1161, in _save_table
    results = self._do_insert(
              ^^^^^^^^^^^^^^^^
  File "C:\Users\codeshester0011\AppData
\Local\Programs\Python\Python312\Lib\sit
e-packages\django\db\models\base.py", 
line 1202, in _do_insert
    return manager._insert(
           ^^^^^^^^^^^^^^^^
  File "C:\Users\codeshester0011\AppData
\Local\Programs\Python\Python312\Lib\sit
e-packages\django\db\models\manager.py",
 line 87, in manager_method
    return getattr(self.get_queryset(), 
name)(*args, **kwargs)
           ^^^^^^^^^^^^^^^^^^^^^^^^^^^^^
^^^^^^^^^^^^^^^^^^^^^^
  File "C:\Users\codeshester0011\AppData
\Local\Programs\Python\Python312\Lib\sit
e-packages\django\db\models\query.py", 
line 1847, in _insert
    return query.get_compiler(using=usin
g).execute_sql(returning_fields)
           ^^^^^^^^^^^^^^^^^^^^^^^^^^^^^
^^^^^^^^^^^^^^^^^^^^^^^^^^^^^^^^
  File "C:\Users\codeshester0011\AppData
\Local\Programs\Python\Python312\Lib\sit
e-packages\django\db\models\sql\compiler
.py", line 1836, in execute_sql
    cursor.execute(sql, params)
  File "C:\Users\codeshester0011\AppData
\Local\Programs\Python\Python312\Lib\sit
e-packages\django\db\backends\utils.py",
 line 79, in execute
    return self._execute_with_wrappers(
           ^^^^^^^^^^^^^^^^^^^^^^^^^^^^
  File "C:\Users\codeshester0011\AppData
\Local\Programs\Python\Python312\Lib\sit
e-packages\django\db\backends\utils.py",
 line 92, in _execute_with_wrappers
    return executor(sql, params, many, 
context)
           
^^^^^^^^^^^^^^^^^^^^^^^^^^^^^^^^^^^^
  File "C:\Users\codeshester0011\AppData
\Local\Programs\Python\Python312\Lib\sit
e-packages\django\db\backends\utils.py",
 line 100, in _execute
    with self.db.wrap_database_errors:
  File "C:\Users\codeshester0011\AppData
\Local\Programs\Python\Python312\Lib\sit
e-packages\django\db\utils.py", line 
91, in __exit__
    raise 
dj_exc_value.with_traceback(traceback) 
from exc_value
  File "C:\Users\codeshester0011\AppData
\Local\Programs\Python\Python312\Lib\sit
e-packages\django\db\backends\utils.py",
 line 105, in _execute
    return self.cursor.execute(sql, 
params)
           
^^^^^^^^^^^^^^^^^^^^^^^^^^^^^^^^
  File "C:\Users\codeshester0011\AppData
\Local\Programs\Python\Python312\Lib\sit
e-packages\django\db\backends\sqlite3\ba
se.py", line 354, in execute
    return super().execute(query, 
params)
           
^^^^^^^^^^^^^^^^^^^^^^^^^^^^^^
django.db.utils.IntegrityError: NOT 
NULL constraint failed: 
inventory_invoice.date_issued

========================================
==============================
ERROR: test_check_stock_availability (in
ventory.tests_services.StockServiceTest.
test_check_stock_availability)
Test stock availability check
----------------------------------------
------------------------------
Traceback (most recent call last):
  File "C:\Users\codeshester0011\Desktop
\GestionSTOCK\PGStock\inventory\tests_se
rvices.py", line 119, in 
test_check_stock_availability
    self.stock_service.process_entry(
  File "C:\Users\codeshester0011\AppData
\Local\Programs\Python\Python312\Lib\con
textlib.py", line 81, in inner
    return func(*args, **kwds)
           ^^^^^^^^^^^^^^^^^^^
  File "C:\Users\codeshester0011\Desktop
\GestionSTOCK\PGStock\inventory\services
\stock_service.py", line 188, in 
process_entry
    return self.create_stock_movement(
           ^^^^^^^^^^^^^^^^^^^^^^^^^^^
  File "C:\Users\codeshester0011\AppData
\Local\Programs\Python\Python312\Lib\con
textlib.py", line 81, in inner
    return func(*args, **kwds)
           ^^^^^^^^^^^^^^^^^^^
  File "C:\Users\codeshester0011\Desktop
\GestionSTOCK\PGStock\inventory\services
\stock_service.py", line 88, in 
create_stock_movement
    movement.full_clean()
  File "C:\Users\codeshester0011\AppData
\Local\Programs\Python\Python312\Lib\sit
e-packages\django\db\models\base.py", 
line 1651, in full_clean
    raise ValidationError(errors)
django.core.exceptions.ValidationError: 
{'from_point_of_sale': ['Ce champ ne 
peut pas contenir la valeur nulle.']}

========================================
==============================
ERROR: test_process_entry (inventory.tes
ts_services.StockServiceTest.test_proces
s_entry)
Test stock entry
----------------------------------------
------------------------------
Traceback (most recent call last):
  File "C:\Users\codeshester0011\Desktop
\GestionSTOCK\PGStock\inventory\tests_se
rvices.py", line 47, in 
test_process_entry
    movement = 
self.stock_service.process_entry(
               
^^^^^^^^^^^^^^^^^^^^^^^^^^^^^^^^^
  File "C:\Users\codeshester0011\AppData
\Local\Programs\Python\Python312\Lib\con
textlib.py", line 81, in inner
    return func(*args, **kwds)
           ^^^^^^^^^^^^^^^^^^^
  File "C:\Users\codeshester0011\Desktop
\GestionSTOCK\PGStock\inventory\services
\stock_service.py", line 188, in 
process_entry
    return self.create_stock_movement(
           ^^^^^^^^^^^^^^^^^^^^^^^^^^^
  File "C:\Users\codeshester0011\AppData
\Local\Programs\Python\Python312\Lib\con
textlib.py", line 81, in inner
    return func(*args, **kwds)
           ^^^^^^^^^^^^^^^^^^^
  File "C:\Users\codeshester0011\Desktop
\GestionSTOCK\PGStock\inventory\services
\stock_service.py", line 88, in 
create_stock_movement
    movement.full_clean()
  File "C:\Users\codeshester0011\AppData
\Local\Programs\Python\Python312\Lib\sit
e-packages\django\db\models\base.py", 
line 1651, in full_clean
    raise ValidationError(errors)
django.core.exceptions.ValidationError: 
{'from_point_of_sale': ['Ce champ ne 
peut pas contenir la valeur nulle.']}

========================================
==============================
ERROR: test_process_transfer (inventory.
tests_services.StockServiceTest.test_pro
cess_transfer)
Test stock transfer between points of 
sale
----------------------------------------
------------------------------
Traceback (most recent call last):
  File "C:\Users\codeshester0011\Desktop
\GestionSTOCK\PGStock\inventory\tests_se
rvices.py", line 83, in 
test_process_transfer
    self.stock_service.process_entry(
  File "C:\Users\codeshester0011\AppData
\Local\Programs\Python\Python312\Lib\con
textlib.py", line 81, in inner
    return func(*args, **kwds)
           ^^^^^^^^^^^^^^^^^^^
  File "C:\Users\codeshester0011\Desktop
\GestionSTOCK\PGStock\inventory\services
\stock_service.py", line 188, in 
process_entry
    return self.create_stock_movement(
           ^^^^^^^^^^^^^^^^^^^^^^^^^^^
  File "C:\Users\codeshester0011\AppData
\Local\Programs\Python\Python312\Lib\con
textlib.py", line 81, in inner
    return func(*args, **kwds)
           ^^^^^^^^^^^^^^^^^^^
  File "C:\Users\codeshester0011\Desktop
\GestionSTOCK\PGStock\inventory\services
\stock_service.py", line 88, in 
create_stock_movement
    movement.full_clean()
  File "C:\Users\codeshester0011\AppData
\Local\Programs\Python\Python312\Lib\sit
e-packages\django\db\models\base.py", 
line 1651, in full_clean
    raise ValidationError(errors)
django.core.exceptions.ValidationError: 
{'from_point_of_sale': ['Ce champ ne 
peut pas contenir la valeur nulle.']}

========================================
==============================
FAIL: 
test_cancel_invoice_restores_stock (inve
ntory.tests_services.InvoiceServiceTest.
test_cancel_invoice_restores_stock)
Test that cancelling an invoice 
restores stock
----------------------------------------
------------------------------
Traceback (most recent call last):
  File "C:\Users\codeshester0011\Desktop
\GestionSTOCK\PGStock\inventory\tests_se
rvices.py", line 248, in 
test_cancel_invoice_restores_stock
    
self.assertEqual(inventory.quantity, 
Decimal('100'))
AssertionError: 95 != Decimal('100')

----------------------------------------
------------------------------
Ran 151 tests in 3.619s

FAILED (failures=1, errors=7)
Destroying test database for alias 
'default'...

